0 info it worked if it ends with ok
1 verbose cli [ '/usr/local/bin/node', '/usr/local/bin/npm', 'run', 'dbseed' ]
2 info using npm@3.10.9
3 info using node@v6.9.2
4 verbose run-script [ 'predbseed', 'dbseed', 'postdbseed' ]
5 info lifecycle askjack@0.0.1~predbseed: askjack@0.0.1
6 silly lifecycle askjack@0.0.1~predbseed: no script for predbseed, continuing
7 info lifecycle askjack@0.0.1~dbseed: askjack@0.0.1
8 verbose lifecycle askjack@0.0.1~dbseed: unsafe-perm in lifecycle true
9 verbose lifecycle askjack@0.0.1~dbseed: PATH: /usr/local/lib/node_modules/npm/bin/node-gyp-bin:/home/vitall/projects/testwork/node_modules/.bin:/home/vitall/projects/testwork/node_modules/.bin:/home/vitall/.config/yarn/link/node_modules/.bin:/home/vitall/projects/testwork/node_modules/.bin:/home/vitall/.config/yarn/link/node_modules/.bin:/usr/local/lib/node_modules/yarn/bin/node-gyp-bin:/.composer/vendor/bin:/usr/local/heroku/bin:/usr/local/sbin:/usr/local/bin:/usr/sbin:/usr/bin:/sbin:/bin:/usr/games:/usr/local/games:/snap/bin:/usr/lib/jvm/java-8-oracle/bin:/usr/lib/jvm/java-8-oracle/db/bin:/usr/lib/jvm/java-8-oracle/jre/bin:/home/vitall/home/vitall/Android/Sdk/tools:/home/vitall/home/vitall/Android/Sdk/platform-tools
10 verbose lifecycle askjack@0.0.1~dbseed: CWD: /home/vitall/projects/testwork
11 silly lifecycle askjack@0.0.1~dbseed: Args: [ '-c', 'better-npm-run db-seed-run' ]
12 silly lifecycle askjack@0.0.1~dbseed: Returned: code: 1  signal: null
13 info lifecycle askjack@0.0.1~dbseed: Failed to exec dbseed script
14 verbose stack Error: askjack@0.0.1 dbseed: `better-npm-run db-seed-run`
14 verbose stack Exit status 1
14 verbose stack     at EventEmitter.<anonymous> (/usr/local/lib/node_modules/npm/lib/utils/lifecycle.js:255:16)
14 verbose stack     at emitTwo (events.js:106:13)
14 verbose stack     at EventEmitter.emit (events.js:191:7)
14 verbose stack     at ChildProcess.<anonymous> (/usr/local/lib/node_modules/npm/lib/utils/spawn.js:40:14)
14 verbose stack     at emitTwo (events.js:106:13)
14 verbose stack     at ChildProcess.emit (events.js:191:7)
14 verbose stack     at maybeClose (internal/child_process.js:877:16)
14 verbose stack     at Process.ChildProcess._handle.onexit (internal/child_process.js:226:5)
15 verbose pkgid askjack@0.0.1
16 verbose cwd /home/vitall/projects/testwork
17 error Linux 4.4.0-77-generic
18 error argv "/usr/local/bin/node" "/usr/local/bin/npm" "run" "dbseed"
19 error node v6.9.2
20 error npm  v3.10.9
21 error code ELIFECYCLE
22 error askjack@0.0.1 dbseed: `better-npm-run db-seed-run`
22 error Exit status 1
23 error Failed at the askjack@0.0.1 dbseed script 'better-npm-run db-seed-run'.
23 error Make sure you have the latest version of node.js and npm installed.
23 error If you do, this is most likely a problem with the askjack package,
23 error not with npm itself.
23 error Tell the author that this fails on your system:
23 error     better-npm-run db-seed-run
23 error You can get information on how to open an issue for this project with:
23 error     npm bugs askjack
23 error Or if that isn't available, you can get their info via:
23 error     npm owner ls askjack
23 error There is likely additional logging output above.
24 verbose exit [ 1, true ]
